<?xml version="1.0" encoding="UTF-8"?>
<testng-results ignored="0" total="1" passed="1" failed="0" skipped="0">
  <reporter-output>
  </reporter-output>
  <suite started-at="2024-01-07T20:38:08 ICT" name="Default suite" finished-at="2024-01-07T20:38:20 ICT" duration-ms="12766">
    <groups>
    </groups>
    <test started-at="2024-01-07T20:38:08 ICT" name="Default test" finished-at="2024-01-07T20:38:20 ICT" duration-ms="12766">
      <class name="com.allianzAuto.testCases.NavigateProfileTestCase">
        <test-method is-config="true" signature="setUp()[pri:0, instance:com.allianzAuto.testCases.NavigateProfileTestCase@59474f18]" started-at="2024-01-07T20:38:08 ICT" name="setUp" finished-at="2024-01-07T20:38:11 ICT" duration-ms="3567" status="PASS">
          <reporter-output>
          </reporter-output>
        </test-method> <!-- setUp -->
        <test-method signature="navigate()[pri:0, instance:com.allianzAuto.testCases.NavigateProfileTestCase@59474f18]" started-at="2024-01-07T20:38:11 ICT" name="navigate" finished-at="2024-01-07T20:38:20 ICT" duration-ms="9117" status="PASS">
          <reporter-output>
          </reporter-output>
        </test-method> <!-- navigate -->
      </class> <!-- com.allianzAuto.testCases.NavigateProfileTestCase -->
    </test> <!-- Default test -->
  </suite> <!-- Default suite -->
</testng-results>
